831 - [2023-04-12 10:45:30,516] : DEBUG -> Experiment script executed
831 - [2023-04-12 10:45:30,516] : DEBUG -> Listing input files to the program
831 - [2023-04-12 10:45:30,522] : DEBUG -> Running the program with each input 13 times
831 - [2023-04-12 10:45:30,526] : DEBUG -> Running input: /mnt/c/Users/SOFTEX/Documents/GitHub/exp_sorting_GHK/inputs/city12.tsp - Time 0
831 - [2023-04-12 10:45:36,523] : DEBUG -> Program output: - Time 0
831 - [2023-04-12 10:45:36,524] : DEBUG -> ---------------------------
831 - [2023-04-12 10:45:36,524] : DEBUG -> 0
1
3
2
4
5
6
7
8
9
11
10

 Tempo de Execucao: ---> 59.863790 

831 - [2023-04-12 10:45:36,534] : DEBUG -> ---------------------------
831 - [2023-04-12 10:45:36,534] : DEBUG -> Running input: /mnt/c/Users/SOFTEX/Documents/GitHub/exp_sorting_GHK/inputs/city12.tsp - Time 1
